#
# There is insufficient memory for the Java Runtime Environment to continue.
# Native memory allocation (mmap) failed to map 264241152 bytes for G1 virtual space
# Possible reasons:
#   The system is out of physical RAM or swap space
#   The process is running with CompressedOops enabled, and the Java Heap may be blocking the growth of the native heap
# Possible solutions:
#   Reduce memory load on the system
#   Increase physical memory or swap space
#   Check if swap backing store is full
#   Decrease Java heap size (-Xmx/-Xms)
#   Decrease number of Java threads
#   Decrease Java thread stack sizes (-Xss)
#   Set larger code cache with -XX:ReservedCodeCacheSize=
#   JVM is running with Zero Based Compressed Oops mode in which the Java heap is
#     placed in the first 32GB address space. The Java Heap base address is the
#     maximum limit for the native heap growth. Please use -XX:HeapBaseMinAddress
#     to set the Java Heap base and to place the Java Heap above 32GB virtual address.
# This output file may be truncated or incomplete.
#
#  Out of Memory Error (os_windows.cpp:3548), pid=6676, tid=7192
#
# JRE version:  (17.0.12+8) (build )
# Java VM: Java HotSpot(TM) 64-Bit Server VM (17.0.12+8-LTS-286, mixed mode, emulated-client, sharing, tiered, compressed oops, compressed class ptrs, g1 gc, windows-amd64)
# No core dump will be written. Minidumps are not enabled by default on client versions of Windows
#

---------------  S U M M A R Y ------------

Command Line: -Dcom.sun.management.jmxremote -Dcom.sun.management.jmxremote.port=57743 -Dcom.sun.management.jmxremote.authenticate=false -Dcom.sun.management.jmxremote.ssl=false -Djava.rmi.server.hostname=localhost -Dspring.jmx.enabled=true -Dmanagement.endpoints.jmx.exposure.include=* -Dspring.application.admin.enabled=true -Dspring.output.ansi.enabled=always -XX:TieredStopAtLevel=1 -Dspring.boot.project.name=mysite -Dfile.encoding=UTF-8 -Dstdout.encoding=UTF-8 -Dstderr.encoding=UTF-8 -XX:+ShowCodeDetailsInExceptionMessages com.javaex.MysiteApplication

Host: Intel(R) Core(TM) i5-10400 CPU @ 2.90GHz, 12 cores, 15G,  Windows 10 , 64 bit Build 19041 (10.0.19041.5915)
Time: Thu Jul 10 14:14:48 2025  Windows 10 , 64 bit Build 19041 (10.0.19041.5915) elapsed time: 0.011130 seconds (0d 0h 0m 0s)

---------------  T H R E A D  ---------------

Current thread (0x00000174a1880cc0):  JavaThread "Unknown thread" [_thread_in_vm, id=7192, stack(0x0000001427400000,0x0000001427500000)]

Stack: [0x0000001427400000,0x0000001427500000]
Native frames: (J=compiled Java code, j=interpreted, Vv=VM code, C=native code)
V  [jvm.dll+0x67a04a]
V  [jvm.dll+0x7da4ed]
V  [jvm.dll+0x7dbe33]
V  [jvm.dll+0x7dc4a3]
V  [jvm.dll+0x24508f]
V  [jvm.dll+0x677089]
V  [jvm.dll+0x66bd32]
V  [jvm.dll+0x301fa6]
V  [jvm.dll+0x309546]
V  [jvm.dll+0x359d2e]
V  [jvm.dll+0x359f5f]
V  [jvm.dll+0x2d9078]
V  [jvm.dll+0x2d9fe4]
V  [jvm.dll+0x7aca21]
V  [jvm.dll+0x367591]
V  [jvm.dll+0x78b999]
V  [jvm.dll+0x3ec83f]
V  [jvm.dll+0x3ee471]
C  [jli.dll+0x5297]
C  [ucrtbase.dll+0x21bb2]
C  [KERNEL32.DLL+0x17374]
C  [ntdll.dll+0x4cc91]


---------------  P R O C E S S  ---------------

Threads class SMR info:
_java_thread_list=0x00007ffa73607a18, length=0, elements={
}

Java Threads: ( => current thread )

Other Threads:
  0x00000174a18ec1c0 GCTaskThread "GC Thread#0" [stack: 0x0000001427500000,0x0000001427600000] [id=12396]
  0x00000174a18fd100 ConcurrentGCThread "G1 Main Marker" [stack: 0x0000001427600000,0x0000001427700000] [id=8716]
  0x00000174a18fd920 ConcurrentGCThread "G1 Conc#0" [stack: 0x0000001427700000,0x0000001427800000] [id=13308]

[error occurred during error reporting (printing all threads), id 0xc0000005, EXCEPTION_ACCESS_VIOLATION (0xc0000005) at pc=0x00007ffa72e39b67]

VM state: not at safepoint (not fully initialized)

VM Mutex/Monitor currently owned by a thread:  ([mutex/lock_event])
[0x00000174a187c3c0] Heap_lock - owner thread: 0x00000174a1880cc0

Heap address: 0x0000000705c00000, size: 4004 MB, Compressed Oops mode: Zero based, Oop shift amount: 3

CDS archive(s) mapped at: [0x0000000000000000-0x0000000000000000-0x0000000000000000), size 0, SharedBaseAddress: 0x0000000800000000, ArchiveRelocationMode: 1.
Narrow klass base: 0x0000000000000000, Narrow klass shift: 0, Narrow klass range: 0x0

GC Precious Log:
<Empty>

Heap:
 garbage-first heap   total 0K, used 0K [0x0000000705c00000, 0x0000000800000000)
  region size 2048K, 0 young (0K), 0 survivors (0K)

[error occurred during error reporting (printing heap information), id 0xc0000005, EXCEPTION_ACCESS_VIOLATION (0xc0000005) at pc=0x00007ffa73223859]

GC Heap History (0 events):
No events

Deoptimization events (0 events):
No events

Classes unloaded (0 events):
No events

Classes redefined (0 events):
No events

Internal exceptions (0 events):
No events

VM Operations (0 events):
No events

Events (1 events):
Event: 0.007 Loaded shared library C:\Program Files\Java\jdk-17\bin\java.dll


Dynamic libraries:
0x00007ff6aa080000 - 0x00007ff6aa090000 	C:\Program Files\Java\jdk-17\bin\javaw.exe
0x00007ffae2390000 - 0x00007ffae2588000 	C:\Windows\SYSTEM32\ntdll.dll
0x00007ffae20d0000 - 0x00007ffae2192000 	C:\Windows\System32\KERNEL32.DLL
0x00007ffadfad0000 - 0x00007ffadfdc6000 	C:\Windows\System32\KERNELBASE.dll
0x00007ffae0160000 - 0x00007ffae0260000 	C:\Windows\System32\ucrtbase.dll
0x00007ffad9910000 - 0x00007ffad992b000 	C:\Program Files\Java\jdk-17\bin\VCRUNTIME140.dll
0x00007ffad9930000 - 0x00007ffad9949000 	C:\Program Files\Java\jdk-17\bin\jli.dll
0x00007ffae1da0000 - 0x00007ffae1e51000 	C:\Windows\System32\ADVAPI32.dll
0x00007ffae1710000 - 0x00007ffae17ae000 	C:\Windows\System32\msvcrt.dll
0x00007ffae1370000 - 0x00007ffae140f000 	C:\Windows\System32\sechost.dll
0x00007ffae1240000 - 0x00007ffae1363000 	C:\Windows\System32\RPCRT4.dll
0x00007ffae0380000 - 0x00007ffae03a7000 	C:\Windows\System32\bcrypt.dll
0x00007ffae1510000 - 0x00007ffae16ad000 	C:\Windows\System32\USER32.dll
0x00007ffae0060000 - 0x00007ffae0082000 	C:\Windows\System32\win32u.dll
0x00007ffae0440000 - 0x00007ffae046b000 	C:\Windows\System32\GDI32.dll
0x00007fface070000 - 0x00007fface30a000 	C:\Windows\WinSxS\amd64_microsoft.windows.common-controls_6595b64144ccf1df_6.0.19041.5915_none_60b4b9d171f9c7c7\COMCTL32.dll
0x00007ffae0260000 - 0x00007ffae0379000 	C:\Windows\System32\gdi32full.dll
0x00007ffadfdd0000 - 0x00007ffadfe6d000 	C:\Windows\System32\msvcp_win.dll
0x00007ffada930000 - 0x00007ffada93a000 	C:\Windows\SYSTEM32\VERSION.dll
0x00007ffae03b0000 - 0x00007ffae03df000 	C:\Windows\System32\IMM32.DLL
0x00007ffadac60000 - 0x00007ffadac6c000 	C:\Program Files\Java\jdk-17\bin\vcruntime140_1.dll
0x00007ffabdc70000 - 0x00007ffabdcfe000 	C:\Program Files\Java\jdk-17\bin\msvcp140.dll
0x00007ffa72b50000 - 0x00007ffa73730000 	C:\Program Files\Java\jdk-17\bin\server\jvm.dll
0x00007ffae09e0000 - 0x00007ffae09e8000 	C:\Windows\System32\PSAPI.DLL
0x00007ffacea10000 - 0x00007ffacea37000 	C:\Windows\SYSTEM32\WINMM.dll
0x00007ffad9900000 - 0x00007ffad9909000 	C:\Windows\SYSTEM32\WSOCK32.dll
0x00007ffae1490000 - 0x00007ffae14fb000 	C:\Windows\System32\WS2_32.dll
0x00007ffadd7e0000 - 0x00007ffadd7f2000 	C:\Windows\SYSTEM32\kernel.appcore.dll
0x00007ffad98e0000 - 0x00007ffad98ea000 	C:\Program Files\Java\jdk-17\bin\jimage.dll
0x00007ffadafd0000 - 0x00007ffadb1d1000 	C:\Windows\SYSTEM32\DBGHELP.DLL
0x00007ffadae90000 - 0x00007ffadaec4000 	C:\Windows\SYSTEM32\dbgcore.DLL
0x00007ffadffd0000 - 0x00007ffae0052000 	C:\Windows\System32\bcryptPrimitives.dll
0x00007ffad6250000 - 0x00007ffad6275000 	C:\Program Files\Java\jdk-17\bin\java.dll

dbghelp: loaded successfully - version: 4.0.5 - missing functions: none
symbol engine: initialized successfully - sym options: 0x614 - pdb path: .;C:\Program Files\Java\jdk-17\bin;C:\Windows\SYSTEM32;C:\Windows\WinSxS\amd64_microsoft.windows.common-controls_6595b64144ccf1df_6.0.19041.5915_none_60b4b9d171f9c7c7;C:\Program Files\Java\jdk-17\bin\server

VM Arguments:
jvm_args: -Dcom.sun.management.jmxremote -Dcom.sun.management.jmxremote.port=57743 -Dcom.sun.management.jmxremote.authenticate=false -Dcom.sun.management.jmxremote.ssl=false -Djava.rmi.server.hostname=localhost -Dspring.jmx.enabled=true -Dmanagement.endpoints.jmx.exposure.include=* -Dspring.application.admin.enabled=true -Dspring.output.ansi.enabled=always -XX:TieredStopAtLevel=1 -Dspring.boot.project.name=mysite -Dfile.encoding=UTF-8 -Dstdout.encoding=UTF-8 -Dstderr.encoding=UTF-8 -XX:+ShowCodeDetailsInExceptionMessages 
java_command: com.javaex.MysiteApplication
java_class_path (initial): C:\javaStudy\workspace_boot\mysite\target\classes;C:\Users\cheoho-hi\.m2\repository\org\springframework\boot\spring-boot-starter-web\3.5.3\spring-boot-starter-web-3.5.3.jar;C:\Users\cheoho-hi\.m2\repository\org\springframework\boot\spring-boot-starter\3.5.3\spring-boot-starter-3.5.3.jar;C:\Users\cheoho-hi\.m2\repository\org\springframework\boot\spring-boot\3.5.3\spring-boot-3.5.3.jar;C:\Users\cheoho-hi\.m2\repository\org\springframework\boot\spring-boot-autoconfigure\3.5.3\spring-boot-autoconfigure-3.5.3.jar;C:\Users\cheoho-hi\.m2\repository\org\springframework\boot\spring-boot-starter-logging\3.5.3\spring-boot-starter-logging-3.5.3.jar;C:\Users\cheoho-hi\.m2\repository\ch\qos\logback\logback-classic\1.5.18\logback-classic-1.5.18.jar;C:\Users\cheoho-hi\.m2\repository\ch\qos\logback\logback-core\1.5.18\logback-core-1.5.18.jar;C:\Users\cheoho-hi\.m2\repository\org\apache\logging\log4j\log4j-to-slf4j\2.24.3\log4j-to-slf4j-2.24.3.jar;C:\Users\cheoho-hi\.m2\repository\org\apache\logging\log4j\log4j-api\2.24.3\log4j-api-2.24.3.jar;C:\Users\cheoho-hi\.m2\repository\org\slf4j\jul-to-slf4j\2.0.17\jul-to-slf4j-2.0.17.jar;C:\Users\cheoho-hi\.m2\repository\jakarta\annotation\jakarta.annotation-api\2.1.1\jakarta.annotation-api-2.1.1.jar;C:\Users\cheoho-hi\.m2\repository\org\yaml\snakeyaml\2.4\snakeyaml-2.4.jar;C:\Users\cheoho-hi\.m2\repository\org\springframework\boot\spring-boot-starter-json\3.5.3\spring-boot-starter-json-3.5.3.jar;C:\Users\cheoho-hi\.m2\repository\com\fasterxml\jackson\core\jackson-databind\2.19.1\jackson-databind-2.19.1.jar;C:\Users\cheoho-hi\.m2\repository\com\fasterxml\jackson\core\jackson-annotations\2.19.1\jackson-annotations-2.19.1.jar;C:\Users\cheoho-hi\.m2\repository\com\fasterxml\jackson\core\jackson-core\2.19.1\jackson-core-2.19.1.jar;C:\Users\cheoho-hi\.m2\repository\com\fasterxml\jackson\datatype\jackson-datatype-jdk8\2.19.1\jackson-datatype-jdk8-2.19.1.jar;C:\Users\cheoho-hi\.m2\repository\com\fasterxml\jackson\datatyp
Launcher Type: SUN_STANDARD

[Global flags]
     intx CICompilerCount                          = 4                                         {product} {ergonomic}
     uint ConcGCThreads                            = 3                                         {product} {ergonomic}
     uint G1ConcRefinementThreads                  = 10                                        {product} {ergonomic}
   size_t G1HeapRegionSize                         = 2097152                                   {product} {ergonomic}
    uintx GCDrainStackTargetSize                   = 64                                        {product} {ergonomic}
   size_t InitialHeapSize                          = 264241152                                 {product} {ergonomic}
     bool ManagementServer                         = true                                      {product} {command line}
   size_t MarkStackSize                            = 4194304                                   {product} {ergonomic}
   size_t MaxHeapSize                              = 4198498304                                {product} {ergonomic}
   size_t MinHeapDeltaBytes                        = 2097152                                   {product} {ergonomic}
   size_t MinHeapSize                              = 8388608                                   {product} {ergonomic}
    uintx NonProfiledCodeHeapSize                  = 0                                      {pd product} {ergonomic}
     bool ProfileInterpreter                       = false                                  {pd product} {command line}
    uintx ProfiledCodeHeapSize                     = 0                                      {pd product} {ergonomic}
     bool ShowCodeDetailsInExceptionMessages       = true                                   {manageable} {command line}
   size_t SoftMaxHeapSize                          = 4198498304                             {manageable} {ergonomic}
     intx TieredStopAtLevel                        = 1                                         {product} {command line}
     bool UseCompressedClassPointers               = true                           {product lp64_product} {ergonomic}
     bool UseCompressedOops                        = true                           {product lp64_product} {ergonomic}
     bool UseG1GC                                  = true                                      {product} {ergonomic}
     bool UseLargePagesIndividualAllocation        = false                                  {pd product} {ergonomic}

Logging:
Log output configuration:
 #0: stdout all=warning uptime,level,tags
 #1: stderr all=off uptime,level,tags

Environment Variables:
PATH=C:/javaStudy/sts-4.31.0.RELEASE//plugins/org.eclipse.justj.openjdk.hotspot.jre.full.win32.x86_64_21.0.7.v20250502-0916/jre/bin/server;C:/javaStudy/sts-4.31.0.RELEASE//plugins/org.eclipse.justj.openjdk.hotspot.jre.full.win32.x86_64_21.0.7.v20250502-0916/jre/bin;C:\Program Files\Java\jdk-17\bin;C:\Program Files\Common Files\Oracle\Java\javapath;C:\Program Files (x86)\Common Files\Intel\Shared Libraries\redist\intel64\compiler;C:\Windows\system32;C:\Windows;C:\Windows\System32\Wbem;C:\Windows\System32\WindowsPowerShell\v1.0\;C:\Windows\System32\OpenSSH\;C:\Program Files\Common Files\Autodesk Shared\;C:\Program Files (x86)\Autodesk\Backburner\;C:\Program Files\Bandizip\;C:\Program Files\nodejs\;C:\Program Files\Git\cmd;C:\Program Files\MySQL\MySQL Shell 8.0\bin\;C:\Users\cheoho-hi\AppData\Local\Microsoft\WindowsApps;C:\Users\cheoho-hi\AppData\Local\GitHubDesktop\bin;C:\Users\cheoho-hi\AppData\Local\Programs\Microsoft VS Code\bin;C:\Users\cheoho-hi\AppData\Roaming\npm;C:\javaStudy\sts-4.31.0.RELEASE;
USERNAME=cheoho-hi
OS=Windows_NT
PROCESSOR_IDENTIFIER=Intel64 Family 6 Model 165 Stepping 3, GenuineIntel



---------------  S Y S T E M  ---------------

OS:
 Windows 10 , 64 bit Build 19041 (10.0.19041.5915)
OS uptime: 0 days 5:10 hours

CPU: total 12 (initial active 12) (6 cores per cpu, 2 threads per core) family 6 model 165 stepping 3 microcode 0xcc, cx8, cmov, fxsr, ht, mmx, 3dnowpref, sse, sse2, sse3, ssse3, sse4.1, sse4.2, popcnt, lzcnt, tsc, tscinvbit, avx, avx2, aes, erms, clmul, bmi1, bmi2, adx, fma, vzeroupper, clflush, clflushopt

Memory: 4k page, system-wide physical 16012M (649M free)
TotalPageFile size 44548M (AvailPageFile size 149M)
current process WorkingSet (physical memory assigned to process): 10M, peak: 10M
current process commit charge ("private bytes"): 59M, peak: 311M

vm_info: Java HotSpot(TM) 64-Bit Server VM (17.0.12+8-LTS-286) for windows-amd64 JRE (17.0.12+8-LTS-286), built on Jun  5 2024 06:46:59 by "mach5one" with MS VC++ 17.6 (VS2022)

END.
